2026-06-05T09:14:28Z	tests/qa/features/FEAT-0001-feat-grouping-convention/TEST-0001-anchor-and-prefixes.test.ts	in-flight	done	403	a4ce3c752aa3cd75d25030ca47ec964038aee8a3
2026-06-05T09:14:28Z	tests/qa/features/FEAT-0004-viewer-a11y-polish/TEST-0004-viewer-a11y-polish.test.ts	in-flight	done	407	16f3fa0067537aeed4c21622df03e2c7296fe93b
2026-06-05T09:14:28Z	requirements/user-stories/US-101-viewer-a11y-polish.md	in-flight	done	407	16f3fa0067537aeed4c21622df03e2c7296fe93b
2026-06-05T09:14:28Z	requirements/user-stories/US-102-retroactive-feat-backfill-command.md	in-flight	done	411	a489d355a485377870d5d75bbe22a355c471c846
2026-06-05T09:14:28Z	ops/features/FEAT-0005-feat-backfill-command/OPS-0004-feat-backfill-script.md	in-flight	done	411	a489d355a485377870d5d75bbe22a355c471c846
2026-06-05T09:15:16Z	tests/qa/features/FEAT-0001-feat-grouping-convention/TEST-0001-anchor-and-prefixes.test.ts	in-flight	done	403	a4ce3c752aa3cd75d25030ca47ec964038aee8a3
2026-06-05T09:15:16Z	tests/qa/features/FEAT-0002-viewer-feat-grouped-rendering/TEST-0003-feat-grouped-api.test.ts	in-flight	done	405	21aefaa7673f0ee57321dbdfef6ec8efc801fa2a
2026-06-05T09:15:16Z	tests/qa/features/FEAT-0003-devsecops-reusable-pipelines/TEST-0002-pipelines-cli-regression.test.ts	in-flight	done	405	21aefaa7673f0ee57321dbdfef6ec8efc801fa2a
2026-06-05T09:15:16Z	tests/qa/features/FEAT-0004-viewer-a11y-polish/TEST-0004-viewer-a11y-polish.test.ts	in-flight	done	407	16f3fa0067537aeed4c21622df03e2c7296fe93b
2026-06-05T09:15:16Z	tests/qa/features/FEAT-0005-feat-backfill-command/TEST-0005-feat-backfill.test.ts	in-flight	done	411	a489d355a485377870d5d75bbe22a355c471c846
2026-06-05T09:15:16Z	requirements/user-stories/US-101-viewer-a11y-polish.md	in-flight	done	407	16f3fa0067537aeed4c21622df03e2c7296fe93b
2026-06-05T09:15:16Z	requirements/user-stories/US-102-retroactive-feat-backfill-command.md	in-flight	done	411	a489d355a485377870d5d75bbe22a355c471c846
2026-06-05T09:15:16Z	ops/features/FEAT-0005-feat-backfill-command/OPS-0004-feat-backfill-script.md	in-flight	done	411	a489d355a485377870d5d75bbe22a355c471c846
2026-06-05T09:15:40Z	tests/qa/features/FEAT-0001-feat-grouping-convention/TEST-0001-anchor-and-prefixes.test.ts	in-flight	done	403	a4ce3c752aa3cd75d25030ca47ec964038aee8a3
2026-06-05T09:15:40Z	tests/qa/features/FEAT-0002-viewer-feat-grouped-rendering/TEST-0003-feat-grouped-api.test.ts	in-flight	done	405	21aefaa7673f0ee57321dbdfef6ec8efc801fa2a
2026-06-05T09:15:40Z	tests/qa/features/FEAT-0003-devsecops-reusable-pipelines/TEST-0002-pipelines-cli-regression.test.ts	in-flight	done	405	21aefaa7673f0ee57321dbdfef6ec8efc801fa2a
2026-06-05T09:15:40Z	tests/qa/features/FEAT-0004-viewer-a11y-polish/TEST-0004-viewer-a11y-polish.test.ts	in-flight	done	407	16f3fa0067537aeed4c21622df03e2c7296fe93b
2026-06-05T09:15:40Z	tests/qa/features/FEAT-0005-feat-backfill-command/TEST-0005-feat-backfill.test.ts	in-flight	done	411	a489d355a485377870d5d75bbe22a355c471c846
2026-06-05T09:15:40Z	requirements/user-stories/US-101-viewer-a11y-polish.md	in-flight	done	407	16f3fa0067537aeed4c21622df03e2c7296fe93b
2026-06-05T09:15:40Z	requirements/user-stories/US-102-retroactive-feat-backfill-command.md	in-flight	done	411	a489d355a485377870d5d75bbe22a355c471c846
2026-06-05T09:15:40Z	ops/features/FEAT-0005-feat-backfill-command/OPS-0004-feat-backfill-script.md	in-flight	done	411	a489d355a485377870d5d75bbe22a355c471c846
